2023-08-06 04:09:16.998541 - Initialized conversion of CBT452
2023-08-06 04:09:18.113532 - Received CBT.V505.FILE452.PDS from FILE452.XMI 
2023-08-06 04:09:18.116046 - Found $$$#DATE.txt (text/plain) in CBT.V505.FILE452.PDS, moved to PDS/$$$#DATE
2023-08-06 04:09:18.117135 - Found $$$INTRO.txt (text/plain) in CBT.V505.FILE452.PDS, moved to PDS/$$$INTRO
2023-08-06 04:09:18.118259 - Found $$CHANGE.txt (text/plain) in CBT.V505.FILE452.PDS, moved to PDS/$$CHANGE
2023-08-06 04:09:18.119251 - Found $$INDEX.txt (text/plain) in CBT.V505.FILE452.PDS, moved to PDS/$$INDEX
2023-08-06 04:09:18.119261 - Found $$NOTE01.bin containing application/octet-stream, moved to PDS/$$NOTE01
2023-08-06 04:09:18.121180 - Found $$NOTE02.txt (text/plain) in CBT.V505.FILE452.PDS, moved to PDS/$$NOTE02
2023-08-06 04:09:18.122121 - Found $$NOTE03.txt (text/plain) in CBT.V505.FILE452.PDS, moved to PDS/$$NOTE03
2023-08-06 04:09:18.123013 - Found $$NOTE04.txt (text/plain) in CBT.V505.FILE452.PDS, moved to PDS/$$NOTE04
2023-08-06 04:09:18.123864 - Found $$NOTE05.txt (text/plain) in CBT.V505.FILE452.PDS, moved to PDS/$$NOTE05
2023-08-06 04:09:18.124690 - Found $$NOTE06.txt (text/plain) in CBT.V505.FILE452.PDS, moved to PDS/$$NOTE06
2023-08-06 04:09:18.125598 - Found $$NOTE07.txt (text/plain) in CBT.V505.FILE452.PDS, moved to PDS/$$NOTE07
2023-08-06 04:09:18.126504 - Found $$NOTE08.txt (text/plain) in CBT.V505.FILE452.PDS, moved to PDS/$$NOTE08
2023-08-06 04:09:18.127515 - Found $$NOTE09.txt (text/plain) in CBT.V505.FILE452.PDS, moved to PDS/$$NOTE09
2023-08-06 04:09:18.127522 - Found $$NOTE1.bin containing application/octet-stream, moved to PDS/$$NOTE1
2023-08-06 04:09:18.129419 - Found $$NOTE10.txt (text/plain) in CBT.V505.FILE452.PDS, moved to PDS/$$NOTE10
2023-08-06 04:09:18.130444 - Found $$NOTE11.txt (text/plain) in CBT.V505.FILE452.PDS, moved to PDS/$$NOTE11
2023-08-06 04:09:18.131447 - Found $$NOTE2.txt (text/plain) in CBT.V505.FILE452.PDS, moved to PDS/$$NOTE2
2023-08-06 04:09:18.132323 - Found $$NOTE3.txt (text/plain) in CBT.V505.FILE452.PDS, moved to PDS/$$NOTE3
2023-08-06 04:09:18.133174 - Found $$NOTE4.txt (text/plain) in CBT.V505.FILE452.PDS, moved to PDS/$$NOTE4
2023-08-06 04:09:18.134151 - Found $$README.txt (text/plain) in CBT.V505.FILE452.PDS, moved to PDS/$$README
2023-08-06 04:09:18.135122 - Found $ADDTO.jcl (text/plain) in CBT.V505.FILE452.PDS, moved to PDS/$ADDTO
2023-08-06 04:09:18.136073 - Found $CATERUN.jcl (text/plain) in CBT.V505.FILE452.PDS, moved to PDS/$CATERUN
2023-08-06 04:09:18.136989 - Found $CATEXTR.jcl (text/plain) in CBT.V505.FILE452.PDS, moved to PDS/$CATEXTR
2023-08-06 04:09:18.137986 - Found $CATL.jcl (text/plain) in CBT.V505.FILE452.PDS, moved to PDS/$CATL
2023-08-06 04:09:18.138951 - Found $CHKPROC.txt (text/plain) in CBT.V505.FILE452.PDS, moved to PDS/$CHKPROC
2023-08-06 04:09:18.139801 - Found $CHKVOL.jcl (text/plain) in CBT.V505.FILE452.PDS, moved to PDS/$CHKVOL
2023-08-06 04:09:18.140613 - Found $D2BLS.jcl (text/plain) in CBT.V505.FILE452.PDS, moved to PDS/$D2BLS
2023-08-06 04:09:18.141468 - Found $D2BLSJ.jcl (text/plain) in CBT.V505.FILE452.PDS, moved to PDS/$D2BLSJ
2023-08-06 04:09:18.142472 - Found $EDITSUB.jcl (text/plain) in CBT.V505.FILE452.PDS, moved to PDS/$EDITSUB
2023-08-06 04:09:18.143472 - Found $FAMSEXT.jcl (text/plain) in CBT.V505.FILE452.PDS, moved to PDS/$FAMSEXT
2023-08-06 04:09:18.144332 - Found $FAMSRUN.jcl (text/plain) in CBT.V505.FILE452.PDS, moved to PDS/$FAMSRUN
2023-08-06 04:09:18.145162 - Found $IEFUJV.jcl (text/plain) in CBT.V505.FILE452.PDS, moved to PDS/$IEFUJV
2023-08-06 04:09:18.146123 - Found $LDS.jcl (text/plain) in CBT.V505.FILE452.PDS, moved to PDS/$LDS
2023-08-06 04:09:18.147028 - Found $LISTAST.jcl (text/plain) in CBT.V505.FILE452.PDS, moved to PDS/$LISTAST
2023-08-06 04:09:18.147979 - Found $LISTVOL.jcl (text/plain) in CBT.V505.FILE452.PDS, moved to PDS/$LISTVOL
2023-08-06 04:09:18.148872 - Found $LWATEDI.jcl (text/plain) in CBT.V505.FILE452.PDS, moved to PDS/$LWATEDI
2023-08-06 04:09:18.149795 - Found $LWATMGR.jcl (text/plain) in CBT.V505.FILE452.PDS, moved to PDS/$LWATMGR
2023-08-06 04:09:18.150747 - Found $MPFEXIT.jcl (text/plain) in CBT.V505.FILE452.PDS, moved to PDS/$MPFEXIT
2023-08-06 04:09:18.151693 - Found $PACKMAP.jcl (text/plain) in CBT.V505.FILE452.PDS, moved to PDS/$PACKMAP
2023-08-06 04:09:18.152541 - Found $PRU.jcl (text/plain) in CBT.V505.FILE452.PDS, moved to PDS/$PRU
2023-08-06 04:09:18.153391 - Found $RECEIVE.jcl (text/plain) in CBT.V505.FILE452.PDS, moved to PDS/$RECEIVE
2023-08-06 04:09:18.154361 - Found $RETCODE.jcl (text/plain) in CBT.V505.FILE452.PDS, moved to PDS/$RETCODE
2023-08-06 04:09:18.155339 - Found $RXLOCAT.jcl (text/plain) in CBT.V505.FILE452.PDS, moved to PDS/$RXLOCAT
2023-08-06 04:09:18.156202 - Found $SAFECPY.jcl (text/plain) in CBT.V505.FILE452.PDS, moved to PDS/$SAFECPY
2023-08-06 04:09:18.157055 - Found $SJFSAMP.jcl (text/plain) in CBT.V505.FILE452.PDS, moved to PDS/$SJFSAMP
2023-08-06 04:09:18.157904 - Found $STEPLIB.jcl (text/plain) in CBT.V505.FILE452.PDS, moved to PDS/$STEPLIB
2023-08-06 04:09:18.158856 - Found $SYSMSGS.jcl (text/plain) in CBT.V505.FILE452.PDS, moved to PDS/$SYSMSGS
2023-08-06 04:09:18.159700 - Found $TEPTERM.jcl (text/plain) in CBT.V505.FILE452.PDS, moved to PDS/$TEPTERM
2023-08-06 04:09:18.160521 - Found $ULUTSCN.jcl (text/plain) in CBT.V505.FILE452.PDS, moved to PDS/$ULUTSCN
2023-08-06 04:09:18.161379 - Found $USERINF.jcl (text/plain) in CBT.V505.FILE452.PDS, moved to PDS/$USERINF
2023-08-06 04:09:18.162355 - Found $WHOSGOT.jcl (text/plain) in CBT.V505.FILE452.PDS, moved to PDS/$WHOSGOT
2023-08-06 04:09:18.163214 - Found $XMIT.jcl (text/plain) in CBT.V505.FILE452.PDS, moved to PDS/$XMIT
2023-08-06 04:09:18.164064 - Found #PLIST.rexx (text/plain) in CBT.V505.FILE452.PDS, moved to PDS/#PLIST
2023-08-06 04:09:18.164976 - Found @FILE452.txt (text/plain) in CBT.V505.FILE452.PDS, moved to PDS/@FILE452
2023-08-06 04:09:18.166045 - Found ADDTO.txt (text/plain) in CBT.V505.FILE452.PDS, moved to PDS/ADDTO
2023-08-06 04:09:18.167010 - Found CATEXTR.txt (text/plain) in CBT.V505.FILE452.PDS, moved to PDS/CATEXTR
2023-08-06 04:09:18.167946 - Found CATL.txt (text/plain) in CBT.V505.FILE452.PDS, moved to PDS/CATL
2023-08-06 04:09:18.168778 - Found CHECKVOL.txt (text/plain) in CBT.V505.FILE452.PDS, moved to PDS/CHECKVOL
2023-08-06 04:09:18.169766 - Found D2BLS.txt (text/plain) in CBT.V505.FILE452.PDS, moved to PDS/D2BLS
2023-08-06 04:09:18.170577 - Found EDITSUB.txt (text/plain) in CBT.V505.FILE452.PDS, moved to PDS/EDITSUB
2023-08-06 04:09:18.171387 - Found FAMSEXTR.txt (text/plain) in CBT.V505.FILE452.PDS, moved to PDS/FAMSEXTR
2023-08-06 04:09:18.232553 - Found HELP.xmi (application/xmit) in CBT.V505.FILE452.PDS
2023-08-06 04:09:18.244832   - Received to CBT452/DDNAME.IN
2023-08-06 04:09:18.245999 - Found HEXDUMP.txt (text/plain) in CBT.V505.FILE452.PDS, moved to PDS/HEXDUMP
2023-08-06 04:09:18.246964 - Found IEFACTRT.txt (text/plain) in CBT.V505.FILE452.PDS, moved to PDS/IEFACTRT
2023-08-06 04:09:18.248098 - Found IEFUJV.txt (text/plain) in CBT.V505.FILE452.PDS, moved to PDS/IEFUJV
2023-08-06 04:09:18.249064 - Found JCLSYMBL.txt (text/plain) in CBT.V505.FILE452.PDS, moved to PDS/JCLSYMBL
2023-08-06 04:09:18.250067 - Found JCLSYMBS.txt (text/plain) in CBT.V505.FILE452.PDS, moved to PDS/JCLSYMBS
2023-08-06 04:09:18.251222 - Found LDS.txt (text/plain) in CBT.V505.FILE452.PDS, moved to PDS/LDS
2023-08-06 04:09:18.252226 - Found LISTAST.txt (text/plain) in CBT.V505.FILE452.PDS, moved to PDS/LISTAST
2023-08-06 04:09:18.253096 - Found LISTAST$.jcl (text/plain) in CBT.V505.FILE452.PDS, moved to PDS/LISTAST$
2023-08-06 04:09:18.253999 - Found LISTASTO.txt (text/plain) in CBT.V505.FILE452.PDS, moved to PDS/LISTASTO
2023-08-06 04:09:18.254850 - Found LISTVOL$.jcl (text/plain) in CBT.V505.FILE452.PDS, moved to PDS/LISTVOL$
2023-08-06 04:09:18.255917 - Found LISTVOLS.txt (text/plain) in CBT.V505.FILE452.PDS, moved to PDS/LISTVOLS
2023-08-06 04:09:18.302909 - Found LOADLIB.xmi (application/xmit) in CBT.V505.FILE452.PDS
2023-08-06 04:09:18.318548   - Received RECFM=U data, stored XMIT file as CBT452/LOADLIB.xmi
2023-08-06 04:09:18.319430 - Found LWAEDIT1.txt (text/plain) in CBT.V505.FILE452.PDS, moved to PDS/LWAEDIT1
2023-08-06 04:09:18.320319 - Found LWATEDI$.jcl (text/plain) in CBT.V505.FILE452.PDS, moved to PDS/LWATEDI$
2023-08-06 04:09:18.321327 - Found LWATEDI@.txt (text/plain) in CBT.V505.FILE452.PDS, moved to PDS/LWATEDI@
2023-08-06 04:09:18.322212 - Found LWATEDIT.txt (text/plain) in CBT.V505.FILE452.PDS, moved to PDS/LWATEDIT
2023-08-06 04:09:18.323128 - Found LWATMGR.txt (text/plain) in CBT.V505.FILE452.PDS, moved to PDS/LWATMGR
2023-08-06 04:09:19.314374 - Found MACLIB.xmi (application/xmit) in CBT.V505.FILE452.PDS
2023-08-06 04:09:19.483820   - Received to CBT452/DDNAME.IN
2023-08-06 04:09:19.484955 - Found MPFCOLOR.txt (text/plain) in CBT.V505.FILE452.PDS, moved to PDS/MPFCOLOR
2023-08-06 04:09:19.486190 - Found MPFEXITS.txt (text/plain) in CBT.V505.FILE452.PDS, moved to PDS/MPFEXITS
2023-08-06 04:09:19.487434 - Found PACKMAP.txt (text/plain) in CBT.V505.FILE452.PDS, moved to PDS/PACKMAP
2023-08-06 04:09:19.488501 - Found PRU.txt (text/plain) in CBT.V505.FILE452.PDS, moved to PDS/PRU
2023-08-06 04:09:19.489494 - Found PRUREXX.rexx (text/plain) in CBT.V505.FILE452.PDS, moved to PDS/PRUREXX
2023-08-06 04:09:19.490441 - Found PRUREXX2.rexx (text/plain) in CBT.V505.FILE452.PDS, moved to PDS/PRUREXX2
2023-08-06 04:09:19.491410 - Found READVOL1.txt (text/plain) in CBT.V505.FILE452.PDS, moved to PDS/READVOL1
2023-08-06 04:09:19.492377 - Found RETCODE.txt (text/plain) in CBT.V505.FILE452.PDS, moved to PDS/RETCODE
2023-08-06 04:09:19.493340 - Found RXLOCATE.txt (text/plain) in CBT.V505.FILE452.PDS, moved to PDS/RXLOCATE
2023-08-06 04:09:19.494315 - Found SAFECOPY.txt (text/plain) in CBT.V505.FILE452.PDS, moved to PDS/SAFECOPY
2023-08-06 04:09:19.495289 - Found SASSXX02.txt (text/plain) in CBT.V505.FILE452.PDS, moved to PDS/SASSXX02
2023-08-06 04:09:19.496275 - Found SJFSAMP.txt (text/plain) in CBT.V505.FILE452.PDS, moved to PDS/SJFSAMP
2023-08-06 04:09:19.497347 - Found STEPLIB.txt (text/plain) in CBT.V505.FILE452.PDS, moved to PDS/STEPLIB
2023-08-06 04:09:19.498277 - Found STEPLIBH.txt (text/plain) in CBT.V505.FILE452.PDS, moved to PDS/STEPLIBH
2023-08-06 04:09:19.499348 - Found STEPLIBO.txt (text/plain) in CBT.V505.FILE452.PDS, moved to PDS/STEPLIBO
2023-08-06 04:09:19.500331 - Found SVC26DOC.txt (text/plain) in CBT.V505.FILE452.PDS, moved to PDS/SVC26DOC
2023-08-06 04:09:19.501318 - Found SYSMSGS.txt (text/plain) in CBT.V505.FILE452.PDS, moved to PDS/SYSMSGS
2023-08-06 04:09:19.502355 - Found TSOPARSE.txt (text/plain) in CBT.V505.FILE452.PDS, moved to PDS/TSOPARSE
2023-08-06 04:09:19.503285 - Found ULUTSCAN.txt (text/plain) in CBT.V505.FILE452.PDS, moved to PDS/ULUTSCAN
2023-08-06 04:09:19.504232 - Found ULUTTEST.txt (text/plain) in CBT.V505.FILE452.PDS, moved to PDS/ULUTTEST
2023-08-06 04:09:19.505120 - Found USERICLI.txt (text/plain) in CBT.V505.FILE452.PDS, moved to PDS/USERICLI
2023-08-06 04:09:19.506095 - Found USERINFO.txt (text/plain) in CBT.V505.FILE452.PDS, moved to PDS/USERINFO
2023-08-06 04:09:19.506993 - Found WGREXX.rexx (text/plain) in CBT.V505.FILE452.PDS, moved to PDS/WGREXX
2023-08-06 04:09:19.507856 - Found WHOSGOT.txt (text/plain) in CBT.V505.FILE452.PDS, moved to PDS/WHOSGOT
